生成启动时间为 2015/4/9 20:29:38。
     1>项目“D:\work\git\EnglishHelper\EnglishHelper.vcxproj”在节点 2 上(Build 个目标)。
     1>CustomBuild:
         Moc'ing articleui.h...
         Moc'ing chooseui.h...
         Moc'ing control.h...
         Moc'ing findui.h...
         Moc'ing memoryui.h...
         Moc'ing settingsui.h...
     1>C:\Program Files (x86)\MSBuild\Microsoft.Cpp\v4.0\V120\Microsoft.CppBuild.targets(935,5): warning MSB8027: Two or more files with the name of moc_articleui.cpp will produce outputs to the same location. This can lead to an incorrect build result.  The files involved are Debug\moc_articleui.cpp, Release\moc_articleui.cpp.
     1>C:\Program Files (x86)\MSBuild\Microsoft.Cpp\v4.0\V120\Microsoft.CppBuild.targets(935,5): warning MSB8027: Two or more files with the name of moc_chooseui.cpp will produce outputs to the same location. This can lead to an incorrect build result.  The files involved are Debug\moc_chooseui.cpp, Release\moc_chooseui.cpp.
     1>C:\Program Files (x86)\MSBuild\Microsoft.Cpp\v4.0\V120\Microsoft.CppBuild.targets(935,5): warning MSB8027: Two or more files with the name of moc_control.cpp will produce outputs to the same location. This can lead to an incorrect build result.  The files involved are Debug\moc_control.cpp, Release\moc_control.cpp.
     1>C:\Program Files (x86)\MSBuild\Microsoft.Cpp\v4.0\V120\Microsoft.CppBuild.targets(935,5): warning MSB8027: Two or more files with the name of moc_findui.cpp will produce outputs to the same location. This can lead to an incorrect build result.  The files involved are Debug\moc_findui.cpp, Release\moc_findui.cpp.
     1>C:\Program Files (x86)\MSBuild\Microsoft.Cpp\v4.0\V120\Microsoft.CppBuild.targets(935,5): warning MSB8027: Two or more files with the name of moc_memoryui.cpp will produce outputs to the same location. This can lead to an incorrect build result.  The files involved are Debug\moc_memoryui.cpp, Release\moc_memoryui.cpp.
     1>C:\Program Files (x86)\MSBuild\Microsoft.Cpp\v4.0\V120\Microsoft.CppBuild.targets(935,5): warning MSB8027: Two or more files with the name of moc_settingsui.cpp will produce outputs to the same location. This can lead to an incorrect build result.  The files involved are Debug\moc_settingsui.cpp, Release\moc_settingsui.cpp.
       ClCompile:
         C:\Program Files (x86)\Microsoft Visual Studio 12.0\VC\bin\CL.exe /c /I. /IC:\Qt\Qt5.4.1\5.4\msvc2013\include /IC:\Qt\Qt5.4.1\5.4\msvc2013\include\QtWebKitWidgets /IC:\Qt\Qt5.4.1\5.4\msvc2013\include\QtWebKit /IC:\Qt\Qt5.4.1\5.4\msvc2013\include\QtWidgets /IC:\Qt\Qt5.4.1\5.4\msvc2013\include\QtGui /IC:\Qt\Qt5.4.1\5.4\msvc2013\include\QtANGLE /IC:\Qt\Qt5.4.1\5.4\msvc2013\include\QtNetwork /IC:\Qt\Qt5.4.1\5.4\msvc2013\include\QtCore /Idebug /I. /I"C:\Qt\Qt5.4.1\5.4\msvc2013\mkspecs\win32-msvc2013" /I.\GeneratedFiles /Zi /nologo /W3 /WX- /Od /Oy- /D _WINDOWS /D UNICODE /D WIN32 /D QT_WEBKITWIDGETS_LIB /D QT_WEBKIT_LIB /D QT_WIDGETS_LIB /D QT_GUI_LIB /D QT_NETWORK_LIB /D QT_CORE_LIB /Gm- /EHsc /MDd /GS /fp:precise /Zc:wchar_t /Zc:forScope /GR /Fo"Win32\Debug\\" /Fd"Win32\Debug\vc120.pdb" /Gd /TP /analyze- /errorReport:prompt -w34100 -w34189 -Zm400 Debug\moc_articleui.cpp Debug\moc_chooseui.cpp Debug\moc_control.cpp Debug\moc_findui.cpp Debug\moc_memoryui.cpp Debug\moc_settingsui.cpp src\articleui.cpp src\chooseui.cpp src\control.cpp src\findui.cpp src\func.cpp src\main.cpp src\memoryui.cpp src\settingsui.cpp src\word.cpp
         moc_articleui.cpp
         moc_chooseui.cpp
         moc_control.cpp
         moc_findui.cpp
         moc_memoryui.cpp
         moc_settingsui.cpp
         articleui.cpp
         chooseui.cpp
         control.cpp
         findui.cpp
         func.cpp
     1>src\func.cpp : warning C4819: 该文件包含不能在当前代码页(936)中表示的字符。请将该文件保存为 Unicode 格式以防止数据丢失
     1>d:\work\git\englishhelper\src\word.h : warning C4819: 该文件包含不能在当前代码页(936)中表示的字符。请将该文件保存为 Unicode 格式以防止数据丢失
     1>src\func.cpp(109): warning C4189: “similarString”: 局部变量已初始化但不引用
     1>src\func.cpp(182): warning C4100: “file”: 未引用的形参
         main.cpp
     1>src\main.cpp(8): warning C4996: 'freopen': This function or variable may be unsafe. Consider using freopen_s instead. To disable deprecation, use _CRT_SECURE_NO_WARNINGS. See online help for details.
                 C:\Program Files (x86)\Microsoft Visual Studio 12.0\VC\include\stdio.h(226) : 参见“freopen”的声明
         memoryui.cpp
         settingsui.cpp
         word.cpp
     1>d:\work\git\englishhelper\src\word.h : warning C4819: 该文件包含不能在当前代码页(936)中表示的字符。请将该文件保存为 Unicode 格式以防止数据丢失
         正在生成代码...
         C:\Program Files (x86)\Microsoft Visual Studio 12.0\VC\bin\CL.exe /c /I. /IC:\Qt\Qt5.4.1\5.4\msvc2013\include /IC:\Qt\Qt5.4.1\5.4\msvc2013\include\QtWebKitWidgets /IC:\Qt\Qt5.4.1\5.4\msvc2013\include\QtWebKit /IC:\Qt\Qt5.4.1\5.4\msvc2013\include\QtWidgets /IC:\Qt\Qt5.4.1\5.4\msvc2013\include\QtGui /IC:\Qt\Qt5.4.1\5.4\msvc2013\include\QtANGLE /IC:\Qt\Qt5.4.1\5.4\msvc2013\include\QtNetwork /IC:\Qt\Qt5.4.1\5.4\msvc2013\include\QtCore /Idebug /I. /I"C:\Qt\Qt5.4.1\5.4\msvc2013\mkspecs\win32-msvc2013" /I.\GeneratedFiles /Zi /nologo /W3 /WX- /Od /Oy- /D _WINDOWS /D UNICODE /D WIN32 /D QT_WEBKITWIDGETS_LIB /D QT_WEBKIT_LIB /D QT_WIDGETS_LIB /D QT_GUI_LIB /D QT_NETWORK_LIB /D QT_CORE_LIB /Gm- /EHsc /MDd /GS /fp:precise /Zc:wchar_t /Zc:forScope /GR /Fo"Win32\Debug\\" /Fd"Win32\Debug\vc120.pdb" /Gd /TP /analyze- /errorReport:prompt -w34100 -w34189 -Zm400 GeneratedFiles\qrc_resource.cpp
         qrc_resource.cpp
     1>GeneratedFiles\qrc_resource.cpp(1064531): fatal error C1060: 编译器的堆空间不足
     1>已完成生成项目“D:\work\git\EnglishHelper\EnglishHelper.vcxproj”(Build 个目标)的操作 - 失败。

生成失败。

已用时间 00:00:23.68
